Started GET "/" for ::1 at 2019-07-16 21:18:56 +0900
Processing by MessagesController#index as HTML
  Rendering messages/index.html.haml within layouts/application
  Rendered messages/index.html.haml within layouts/application (5.6ms)
Completed 500 Internal Server Error in 705ms (ActiveRecord: 0.0ms)


  
ActionView::Template::Error (Missing partial layouts/_flash with {:locale=>[:en], :formats=>[:html], :variants=>[], :handlers=>[:raw, :erb, :html, :builder, :ruby, :coffee, :jbuilder, :haml]}. Searched in:
  * "/Users/tomoo/projects/chat-space/app/views"
):
     7:     = javascript_include_tag 'application', 'data-turbolinks-track' => true
     8:     = csrf_meta_tags
     9:   %body
    10:     = render partial: 'layouts/flash'
    11:     = yield
  
app/views/layouts/application.html.haml:10:in `_app_views_layouts_application_html_haml___1342707790807500863_70355813885840'
  Rendering /Users/tomoo/.rbenv/versions/2.5.1/lib/ruby/gems/2.5.0/gems/actionpack-5.0.7.2/lib/action_dispatch/middleware/templates/rescues/template_error.html.erb within rescues/layout
  Rendering /Users/tomoo/.rbenv/versions/2.5.1/lib/ruby/gems/2.5.0/gems/actionpack-5.0.7.2/lib/action_dispatch/middleware/templates/rescues/_source.html.erb
  Rendered /Users/tomoo/.rbenv/versions/2.5.1/lib/ruby/gems/2.5.0/gems/actionpack-5.0.7.2/lib/action_dispatch/middleware/templates/rescues/_source.html.erb (4.5ms)
  Rendering /Users/tomoo/.rbenv/versions/2.5.1/lib/ruby/gems/2.5.0/gems/actionpack-5.0.7.2/lib/action_dispatch/middleware/templates/rescues/_trace.html.erb
  Rendered /Users/tomoo/.rbenv/versions/2.5.1/lib/ruby/gems/2.5.0/gems/actionpack-5.0.7.2/lib/action_dispatch/middleware/templates/rescues/_trace.html.erb (3.3ms)
  Rendering /Users/tomoo/.rbenv/versions/2.5.1/lib/ruby/gems/2.5.0/gems/actionpack-5.0.7.2/lib/action_dispatch/middleware/templates/rescues/_request_and_response.html.erb
  Rendered /Users/tomoo/.rbenv/versions/2.5.1/lib/ruby/gems/2.5.0/gems/actionpack-5.0.7.2/lib/action_dispatch/middleware/templates/rescues/_request_and_response.html.erb (0.7ms)
  Rendered /Users/tomoo/.rbenv/versions/2.5.1/lib/ruby/gems/2.5.0/gems/actionpack-5.0.7.2/lib/action_dispatch/middleware/templates/rescues/template_error.html.erb within rescues/layout (166.8ms)
Started GET "/" for ::1 at 2019-07-16 22:50:55 +0900
Processing by MessagesController#index as HTML
  Rendering messages/index.html.haml within layouts/application
  Rendered messages/index.html.haml within layouts/application (22.0ms)
Completed 500 Internal Server Error in 247ms (ActiveRecord: 0.0ms)


  
ActionView::Template::Error (Missing partial layouts/_flash with {:locale=>[:en], :formats=>[:html], :variants=>[], :handlers=>[:raw, :erb, :html, :builder, :ruby, :coffee, :jbuilder, :haml]}. Searched in:
  * "/Users/tomoo/projects/chat-space/app/views"
):
     7:     = javascript_include_tag 'application', 'data-turbolinks-track' => true
     8:     = csrf_meta_tags
     9:   %body
    10:     = render partial: 'layouts/flash'
    11:     = yield
  
app/views/layouts/application.html.haml:10:in `_app_views_layouts_application_html_haml___1342707790807500863_70355838684160'
  Rendering /Users/tomoo/.rbenv/versions/2.5.1/lib/ruby/gems/2.5.0/gems/actionpack-5.0.7.2/lib/action_dispatch/middleware/templates/rescues/template_error.html.erb within rescues/layout
  Rendering /Users/tomoo/.rbenv/versions/2.5.1/lib/ruby/gems/2.5.0/gems/actionpack-5.0.7.2/lib/action_dispatch/middleware/templates/rescues/_source.html.erb
  Rendered /Users/tomoo/.rbenv/versions/2.5.1/lib/ruby/gems/2.5.0/gems/actionpack-5.0.7.2/lib/action_dispatch/middleware/templates/rescues/_source.html.erb (8.8ms)
  Rendering /Users/tomoo/.rbenv/versions/2.5.1/lib/ruby/gems/2.5.0/gems/actionpack-5.0.7.2/lib/action_dispatch/middleware/templates/rescues/_trace.html.erb
  Rendered /Users/tomoo/.rbenv/versions/2.5.1/lib/ruby/gems/2.5.0/gems/actionpack-5.0.7.2/lib/action_dispatch/middleware/templates/rescues/_trace.html.erb (4.0ms)
  Rendering /Users/tomoo/.rbenv/versions/2.5.1/lib/ruby/gems/2.5.0/gems/actionpack-5.0.7.2/lib/action_dispatch/middleware/templates/rescues/_request_and_response.html.erb
  Rendered /Users/tomoo/.rbenv/versions/2.5.1/lib/ruby/gems/2.5.0/gems/actionpack-5.0.7.2/lib/action_dispatch/middleware/templates/rescues/_request_and_response.html.erb (1.6ms)
  Rendered /Users/tomoo/.rbenv/versions/2.5.1/lib/ruby/gems/2.5.0/gems/actionpack-5.0.7.2/lib/action_dispatch/middleware/templates/rescues/template_error.html.erb within rescues/layout (170.6ms)
Started GET "/" for ::1 at 2019-07-20 16:53:52 +0900
Processing by MessagesController#index as HTML
  Rendering messages/index.html.haml within layouts/application
  Rendered messages/index.html.haml within layouts/application (19.6ms)
Completed 500 Internal Server Error in 871ms (ActiveRecord: 0.0ms)


  
ActionView::Template::Error (Invalid CSS after "...on 'fas fa-cog'": expected "{", was "}"):
    3:   %head
    4:     %meta{:content => "text/html; charset=UTF-8", "http-equiv" => "Content-Type"}/
    5:     %title ChatSpace
    6:     = stylesheet_link_tag    'application', media: 'all', 'data-turbolinks-track' => true
    7:     = javascript_include_tag 'application', 'data-turbolinks-track' => true
    8:     = csrf_meta_tags
    9:   %body
  
app/assets/stylesheets/_messages.scss:18
app/assets/stylesheets/application.scss:3
app/views/layouts/application.html.haml:6:in `_app_views_layouts_application_html_haml___3144810002703618243_70318988052960'
  Rendering /Users/tomoo/.rbenv/versions/2.5.1/lib/ruby/gems/2.5.0/gems/actionpack-5.0.7.2/lib/action_dispatch/middleware/templates/rescues/template_error.html.erb within rescues/layout
  Rendering /Users/tomoo/.rbenv/versions/2.5.1/lib/ruby/gems/2.5.0/gems/actionpack-5.0.7.2/lib/action_dispatch/middleware/templates/rescues/_source.html.erb
  Rendered /Users/tomoo/.rbenv/versions/2.5.1/lib/ruby/gems/2.5.0/gems/actionpack-5.0.7.2/lib/action_dispatch/middleware/templates/rescues/_source.html.erb (6.9ms)
  Rendering /Users/tomoo/.rbenv/versions/2.5.1/lib/ruby/gems/2.5.0/gems/actionpack-5.0.7.2/lib/action_dispatch/middleware/templates/rescues/_trace.html.erb
  Rendered /Users/tomoo/.rbenv/versions/2.5.1/lib/ruby/gems/2.5.0/gems/actionpack-5.0.7.2/lib/action_dispatch/middleware/templates/rescues/_trace.html.erb (2.1ms)
  Rendering /Users/tomoo/.rbenv/versions/2.5.1/lib/ruby/gems/2.5.0/gems/actionpack-5.0.7.2/lib/action_dispatch/middleware/templates/rescues/_request_and_response.html.erb
  Rendered /Users/tomoo/.rbenv/versions/2.5.1/lib/ruby/gems/2.5.0/gems/actionpack-5.0.7.2/lib/action_dispatch/middleware/templates/rescues/_request_and_response.html.erb (1.1ms)
  Rendered /Users/tomoo/.rbenv/versions/2.5.1/lib/ruby/gems/2.5.0/gems/actionpack-5.0.7.2/lib/action_dispatch/middleware/templates/rescues/template_error.html.erb within rescues/layout (165.2ms)
Started GET "/" for ::1 at 2019-07-20 16:55:25 +0900
Processing by MessagesController#index as HTML
  Rendering messages/index.html.haml within layouts/application
  Rendered messages/index.html.haml within layouts/application (5.3ms)
Completed 500 Internal Server Error in 174ms (ActiveRecord: 0.0ms)


  
ActionView::Template::Error (Invalid CSS after "...on 'fas fa-cog'": expected "{", was "}"):
    3:   %head
    4:     %meta{:content => "text/html; charset=UTF-8", "http-equiv" => "Content-Type"}/
    5:     %title ChatSpace
    6:     = stylesheet_link_tag    'application', media: 'all', 'data-turbolinks-track' => true
    7:     = javascript_include_tag 'application', 'data-turbolinks-track' => true
    8:     = csrf_meta_tags
    9:   %body
  
app/assets/stylesheets/_messages.scss:18
app/assets/stylesheets/application.scss:3
app/views/layouts/application.html.haml:6:in `_app_views_layouts_application_html_haml___3144810002703618243_70319016580540'
  Rendering /Users/tomoo/.rbenv/versions/2.5.1/lib/ruby/gems/2.5.0/gems/actionpack-5.0.7.2/lib/action_dispatch/middleware/templates/rescues/template_error.html.erb within rescues/layout
  Rendering /Users/tomoo/.rbenv/versions/2.5.1/lib/ruby/gems/2.5.0/gems/actionpack-5.0.7.2/lib/action_dispatch/middleware/templates/rescues/_source.html.erb
  Rendered /Users/tomoo/.rbenv/versions/2.5.1/lib/ruby/gems/2.5.0/gems/actionpack-5.0.7.2/lib/action_dispatch/middleware/templates/rescues/_source.html.erb (5.7ms)
  Rendering /Users/tomoo/.rbenv/versions/2.5.1/lib/ruby/gems/2.5.0/gems/actionpack-5.0.7.2/lib/action_dispatch/middleware/templates/rescues/_trace.html.erb
  Rendered /Users/tomoo/.rbenv/versions/2.5.1/lib/ruby/gems/2.5.0/gems/actionpack-5.0.7.2/lib/action_dispatch/middleware/templates/rescues/_trace.html.erb (2.6ms)
  Rendering /Users/tomoo/.rbenv/versions/2.5.1/lib/ruby/gems/2.5.0/gems/actionpack-5.0.7.2/lib/action_dispatch/middleware/templates/rescues/_request_and_response.html.erb
  Rendered /Users/tomoo/.rbenv/versions/2.5.1/lib/ruby/gems/2.5.0/gems/actionpack-5.0.7.2/lib/action_dispatch/middleware/templates/rescues/_request_and_response.html.erb (1.4ms)
  Rendered /Users/tomoo/.rbenv/versions/2.5.1/lib/ruby/gems/2.5.0/gems/actionpack-5.0.7.2/lib/action_dispatch/middleware/templates/rescues/template_error.html.erb within rescues/layout (146.1ms)
Started GET "/" for ::1 at 2019-07-20 16:55:27 +0900
Processing by MessagesController#index as HTML
  Rendering messages/index.html.haml within layouts/application
  Rendered messages/index.html.haml within layouts/application (4.5ms)
Completed 500 Internal Server Error in 154ms (ActiveRecord: 0.0ms)


  
ActionView::Template::Error (Invalid CSS after "...on 'fas fa-cog'": expected "{", was "}"):
    3:   %head
    4:     %meta{:content => "text/html; charset=UTF-8", "http-equiv" => "Content-Type"}/
    5:     %title ChatSpace
    6:     = stylesheet_link_tag    'application', media: 'all', 'data-turbolinks-track' => true
    7:     = javascript_include_tag 'application', 'data-turbolinks-track' => true
    8:     = csrf_meta_tags
    9:   %body
  
app/assets/stylesheets/_messages.scss:18
app/assets/stylesheets/application.scss:3
app/views/layouts/application.html.haml:6:in `_app_views_layouts_application_html_haml___3144810002703618243_70318982791760'
  Rendering /Users/tomoo/.rbenv/versions/2.5.1/lib/ruby/gems/2.5.0/gems/actionpack-5.0.7.2/lib/action_dispatch/middleware/templates/rescues/template_error.html.erb within rescues/layout
  Rendering /Users/tomoo/.rbenv/versions/2.5.1/lib/ruby/gems/2.5.0/gems/actionpack-5.0.7.2/lib/action_dispatch/middleware/templates/rescues/_source.html.erb
  Rendered /Users/tomoo/.rbenv/versions/2.5.1/lib/ruby/gems/2.5.0/gems/actionpack-5.0.7.2/lib/action_dispatch/middleware/templates/rescues/_source.html.erb (5.7ms)
  Rendering /Users/tomoo/.rbenv/versions/2.5.1/lib/ruby/gems/2.5.0/gems/actionpack-5.0.7.2/lib/action_dispatch/middleware/templates/rescues/_trace.html.erb
  Rendered /Users/tomoo/.rbenv/versions/2.5.1/lib/ruby/gems/2.5.0/gems/actionpack-5.0.7.2/lib/action_dispatch/middleware/templates/rescues/_trace.html.erb (2.8ms)
  Rendering /Users/tomoo/.rbenv/versions/2.5.1/lib/ruby/gems/2.5.0/gems/actionpack-5.0.7.2/lib/action_dispatch/middleware/templates/rescues/_request_and_response.html.erb
  Rendered /Users/tomoo/.rbenv/versions/2.5.1/lib/ruby/gems/2.5.0/gems/actionpack-5.0.7.2/lib/action_dispatch/middleware/templates/rescues/_request_and_response.html.erb (1.0ms)
  Rendered /Users/tomoo/.rbenv/versions/2.5.1/lib/ruby/gems/2.5.0/gems/actionpack-5.0.7.2/lib/action_dispatch/middleware/templates/rescues/template_error.html.erb within rescues/layout (142.6ms)
Started GET "/" for ::1 at 2019-07-20 16:55:34 +0900
Processing by MessagesController#index as HTML
  Rendering messages/index.html.haml within layouts/application
  Rendered messages/index.html.haml within layouts/application (6.3ms)
Completed 500 Internal Server Error in 166ms (ActiveRecord: 0.0ms)


  
ActionView::Template::Error (Invalid CSS after "          .form": expected "{", was "}"):
    3:   %head
    4:     %meta{:content => "text/html; charset=UTF-8", "http-equiv" => "Content-Type"}/
    5:     %title ChatSpace
    6:     = stylesheet_link_tag    'application', media: 'all', 'data-turbolinks-track' => true
    7:     = javascript_include_tag 'application', 'data-turbolinks-track' => true
    8:     = csrf_meta_tags
    9:   %body
  
app/assets/stylesheets/_messages.scss:27
app/assets/stylesheets/application.scss:3
app/views/layouts/application.html.haml:6:in `_app_views_layouts_application_html_haml___3144810002703618243_70319009875880'
  Rendering /Users/tomoo/.rbenv/versions/2.5.1/lib/ruby/gems/2.5.0/gems/actionpack-5.0.7.2/lib/action_dispatch/middleware/templates/rescues/template_error.html.erb within rescues/layout
  Rendering /Users/tomoo/.rbenv/versions/2.5.1/lib/ruby/gems/2.5.0/gems/actionpack-5.0.7.2/lib/action_dispatch/middleware/templates/rescues/_source.html.erb
  Rendered /Users/tomoo/.rbenv/versions/2.5.1/lib/ruby/gems/2.5.0/gems/actionpack-5.0.7.2/lib/action_dispatch/middleware/templates/rescues/_source.html.erb (5.8ms)
  Rendering /Users/tomoo/.rbenv/versions/2.5.1/lib/ruby/gems/2.5.0/gems/actionpack-5.0.7.2/lib/action_dispatch/middleware/templates/rescues/_trace.html.erb
  Rendered /Users/tomoo/.rbenv/versions/2.5.1/lib/ruby/gems/2.5.0/gems/actionpack-5.0.7.2/lib/action_dispatch/middleware/templates/rescues/_trace.html.erb (2.0ms)
  Rendering /Users/tomoo/.rbenv/versions/2.5.1/lib/ruby/gems/2.5.0/gems/actionpack-5.0.7.2/lib/action_dispatch/middleware/templates/rescues/_request_and_response.html.erb
  Rendered /Users/tomoo/.rbenv/versions/2.5.1/lib/ruby/gems/2.5.0/gems/actionpack-5.0.7.2/lib/action_dispatch/middleware/templates/rescues/_request_and_response.html.erb (0.7ms)
  Rendered /Users/tomoo/.rbenv/versions/2.5.1/lib/ruby/gems/2.5.0/gems/actionpack-5.0.7.2/lib/action_dispatch/middleware/templates/rescues/template_error.html.erb within rescues/layout (138.9ms)
Started GET "/" for ::1 at 2019-07-20 16:56:07 +0900
Processing by MessagesController#index as HTML
  Rendering messages/index.html.haml within layouts/application
  Rendered messages/index.html.haml within layouts/application (12.9ms)
Completed 500 Internal Server Error in 168ms (ActiveRecord: 0.0ms)


  
ActionView::Template::Error (Invalid CSS after "          .form": expected "{", was ""):
    3:   %head
    4:     %meta{:content => "text/html; charset=UTF-8", "http-equiv" => "Content-Type"}/
    5:     %title ChatSpace
    6:     = stylesheet_link_tag    'application', media: 'all', 'data-turbolinks-track' => true
    7:     = javascript_include_tag 'application', 'data-turbolinks-track' => true
    8:     = csrf_meta_tags
    9:   %body
  
app/assets/stylesheets/_messages.scss:27
app/assets/stylesheets/application.scss:3
app/views/layouts/application.html.haml:6:in `_app_views_layouts_application_html_haml___3144810002703618243_70319008863220'
  Rendering /Users/tomoo/.rbenv/versions/2.5.1/lib/ruby/gems/2.5.0/gems/actionpack-5.0.7.2/lib/action_dispatch/middleware/templates/rescues/template_error.html.erb within rescues/layout
  Rendering /Users/tomoo/.rbenv/versions/2.5.1/lib/ruby/gems/2.5.0/gems/actionpack-5.0.7.2/lib/action_dispatch/middleware/templates/rescues/_source.html.erb
  Rendered /Users/tomoo/.rbenv/versions/2.5.1/lib/ruby/gems/2.5.0/gems/actionpack-5.0.7.2/lib/action_dispatch/middleware/templates/rescues/_source.html.erb (7.1ms)
  Rendering /Users/tomoo/.rbenv/versions/2.5.1/lib/ruby/gems/2.5.0/gems/actionpack-5.0.7.2/lib/action_dispatch/middleware/templates/rescues/_trace.html.erb
  Rendered /Users/tomoo/.rbenv/versions/2.5.1/lib/ruby/gems/2.5.0/gems/actionpack-5.0.7.2/lib/action_dispatch/middleware/templates/rescues/_trace.html.erb (3.5ms)
  Rendering /Users/tomoo/.rbenv/versions/2.5.1/lib/ruby/gems/2.5.0/gems/actionpack-5.0.7.2/lib/action_dispatch/middleware/templates/rescues/_request_and_response.html.erb
  Rendered /Users/tomoo/.rbenv/versions/2.5.1/lib/ruby/gems/2.5.0/gems/actionpack-5.0.7.2/lib/action_dispatch/middleware/templates/rescues/_request_and_response.html.erb (0.8ms)
  Rendered /Users/tomoo/.rbenv/versions/2.5.1/lib/ruby/gems/2.5.0/gems/actionpack-5.0.7.2/lib/action_dispatch/middleware/templates/rescues/template_error.html.erb within rescues/layout (146.2ms)
Started GET "/" for ::1 at 2019-07-20 19:18:15 +0900
Processing by MessagesController#index as HTML
  Rendering messages/index.html.haml within layouts/application
  Rendered shared/_side_bar.html.haml (5.2ms)
  Rendered messages/index.html.haml within layouts/application (24.8ms)
Completed 500 Internal Server Error in 100ms (ActiveRecord: 0.0ms)


  
ActionView::Template::Error (File to import not found or unreadable: config/fontsize.
Load paths:
  /Users/tomoo/projects/chat-space/app/assets/config
  /Users/tomoo/projects/chat-space/app/assets/images
  /Users/tomoo/projects/chat-space/app/assets/javascripts
  /Users/tomoo/projects/chat-space/app/assets/stylesheets
  /Users/tomoo/projects/chat-space/vendor/assets/javascripts
  /Users/tomoo/projects/chat-space/vendor/assets/stylesheets
  /Users/tomoo/.rbenv/versions/2.5.1/lib/ruby/gems/2.5.0/gems/font-awesome-rails-4.7.0.5/app/assets/fonts
  /Users/tomoo/.rbenv/versions/2.5.1/lib/ruby/gems/2.5.0/gems/font-awesome-rails-4.7.0.5/app/assets/stylesheets
  /Users/tomoo/.rbenv/versions/2.5.1/lib/ruby/gems/2.5.0/gems/jquery-rails-4.3.5/vendor/assets/javascripts
  /Users/tomoo/.rbenv/versions/2.5.1/lib/ruby/gems/2.5.0/gems/coffee-rails-4.2.2/lib/assets/javascripts
  /Users/tomoo/.rbenv/versions/2.5.1/lib/ruby/gems/2.5.0/gems/actioncable-5.0.7.2/lib/assets/compiled
  /Users/tomoo/.rbenv/versions/2.5.1/lib/ruby/gems/2.5.0/gems/turbolinks-source-5.2.0/lib/assets/javascripts):
    3:   %head
    4:     %meta{:content => "text/html; charset=UTF-8", "http-equiv" => "Content-Type"}/
    5:     %title ChatSpace
    6:     = stylesheet_link_tag    'application', media: 'all', 'data-turbolinks-track' => true
    7:     = javascript_include_tag 'application', 'data-turbolinks-track' => true
    8:     = csrf_meta_tags
    9:   %body
  
app/assets/stylesheets/application.scss:2
app/views/layouts/application.html.haml:6:in `_app_views_layouts_application_html_haml___3144810002703618243_70319011393360'
  Rendering /Users/tomoo/.rbenv/versions/2.5.1/lib/ruby/gems/2.5.0/gems/actionpack-5.0.7.2/lib/action_dispatch/middleware/templates/rescues/template_error.html.erb within rescues/layout
  Rendering /Users/tomoo/.rbenv/versions/2.5.1/lib/ruby/gems/2.5.0/gems/actionpack-5.0.7.2/lib/action_dispatch/middleware/templates/rescues/_source.html.erb
  Rendered /Users/tomoo/.rbenv/versions/2.5.1/lib/ruby/gems/2.5.0/gems/actionpack-5.0.7.2/lib/action_dispatch/middleware/templates/rescues/_source.html.erb (6.1ms)
  Rendering /Users/tomoo/.rbenv/versions/2.5.1/lib/ruby/gems/2.5.0/gems/actionpack-5.0.7.2/lib/action_dispatch/middleware/templates/rescues/_trace.html.erb
  Rendered /Users/tomoo/.rbenv/versions/2.5.1/lib/ruby/gems/2.5.0/gems/actionpack-5.0.7.2/lib/action_dispatch/middleware/templates/rescues/_trace.html.erb (2.8ms)
  Rendering /Users/tomoo/.rbenv/versions/2.5.1/lib/ruby/gems/2.5.0/gems/actionpack-5.0.7.2/lib/action_dispatch/middleware/templates/rescues/_request_and_response.html.erb
  Rendered /Users/tomoo/.rbenv/versions/2.5.1/lib/ruby/gems/2.5.0/gems/actionpack-5.0.7.2/lib/action_dispatch/middleware/templates/rescues/_request_and_response.html.erb (1.3ms)
  Rendered /Users/tomoo/.rbenv/versions/2.5.1/lib/ruby/gems/2.5.0/gems/actionpack-5.0.7.2/lib/action_dispatch/middleware/templates/rescues/template_error.html.erb within rescues/layout (150.0ms)
Started GET "/" for ::1 at 2019-07-20 19:19:34 +0900
Processing by MessagesController#index as HTML
  Rendering messages/index.html.haml within layouts/application
  Rendered shared/_side_bar.html.haml (5.4ms)
  Rendered messages/index.html.haml within layouts/application (21.5ms)
Completed 500 Internal Server Error in 522ms (ActiveRecord: 0.0ms)


  
ActionView::Template::Error (Missing partial layouts/_flash with {:locale=>[:en], :formats=>[:html], :variants=>[], :handlers=>[:raw, :erb, :html, :builder, :ruby, :coffee, :jbuilder, :haml]}. Searched in:
  * "/Users/tomoo/projects/chat-space/app/views"
):
     7:     = javascript_include_tag 'application', 'data-turbolinks-track' => true
     8:     = csrf_meta_tags
     9:   %body
    10:     = render partial: 'layouts/flash'
    11:     = yield
  
app/views/layouts/application.html.haml:10:in `_app_views_layouts_application_html_haml___3144810002703618243_70319017117980'
  Rendering /Users/tomoo/.rbenv/versions/2.5.1/lib/ruby/gems/2.5.0/gems/actionpack-5.0.7.2/lib/action_dispatch/middleware/templates/rescues/template_error.html.erb within rescues/layout
  Rendering /Users/tomoo/.rbenv/versions/2.5.1/lib/ruby/gems/2.5.0/gems/actionpack-5.0.7.2/lib/action_dispatch/middleware/templates/rescues/_source.html.erb
  Rendered /Users/tomoo/.rbenv/versions/2.5.1/lib/ruby/gems/2.5.0/gems/actionpack-5.0.7.2/lib/action_dispatch/middleware/templates/rescues/_source.html.erb (3.7ms)
  Rendering /Users/tomoo/.rbenv/versions/2.5.1/lib/ruby/gems/2.5.0/gems/actionpack-5.0.7.2/lib/action_dispatch/middleware/templates/rescues/_trace.html.erb
  Rendered /Users/tomoo/.rbenv/versions/2.5.1/lib/ruby/gems/2.5.0/gems/actionpack-5.0.7.2/lib/action_dispatch/middleware/templates/rescues/_trace.html.erb (1.8ms)
  Rendering /Users/tomoo/.rbenv/versions/2.5.1/lib/ruby/gems/2.5.0/gems/actionpack-5.0.7.2/lib/action_dispatch/middleware/templates/rescues/_request_and_response.html.erb
  Rendered /Users/tomoo/.rbenv/versions/2.5.1/lib/ruby/gems/2.5.0/gems/actionpack-5.0.7.2/lib/action_dispatch/middleware/templates/rescues/_request_and_response.html.erb (0.8ms)
  Rendered /Users/tomoo/.rbenv/versions/2.5.1/lib/ruby/gems/2.5.0/gems/actionpack-5.0.7.2/lib/action_dispatch/middleware/templates/rescues/template_error.html.erb within rescues/layout (145.3ms)
Started GET "/" for ::1 at 2019-07-20 19:19:38 +0900
Processing by MessagesController#index as HTML
  Rendering messages/index.html.haml within layouts/application
  Rendered shared/_side_bar.html.haml (5.4ms)
  Rendered messages/index.html.haml within layouts/application (19.7ms)
Completed 500 Internal Server Error in 65ms (ActiveRecord: 0.0ms)


  
ActionView::Template::Error (Missing partial layouts/_flash with {:locale=>[:en], :formats=>[:html], :variants=>[], :handlers=>[:raw, :erb, :html, :builder, :ruby, :coffee, :jbuilder, :haml]}. Searched in:
  * "/Users/tomoo/projects/chat-space/app/views"
):
     7:     = javascript_include_tag 'application', 'data-turbolinks-track' => true
     8:     = csrf_meta_tags
     9:   %body
    10:     = render partial: 'layouts/flash'
    11:     = yield
  
app/views/layouts/application.html.haml:10:in `_app_views_layouts_application_html_haml___3144810002703618243_70318984893320'
  Rendering /Users/tomoo/.rbenv/versions/2.5.1/lib/ruby/gems/2.5.0/gems/actionpack-5.0.7.2/lib/action_dispatch/middleware/templates/rescues/template_error.html.erb within rescues/layout
  Rendering /Users/tomoo/.rbenv/versions/2.5.1/lib/ruby/gems/2.5.0/gems/actionpack-5.0.7.2/lib/action_dispatch/middleware/templates/rescues/_source.html.erb
  Rendered /Users/tomoo/.rbenv/versions/2.5.1/lib/ruby/gems/2.5.0/gems/actionpack-5.0.7.2/lib/action_dispatch/middleware/templates/rescues/_source.html.erb (4.7ms)
  Rendering /Users/tomoo/.rbenv/versions/2.5.1/lib/ruby/gems/2.5.0/gems/actionpack-5.0.7.2/lib/action_dispatch/middleware/templates/rescues/_trace.html.erb
  Rendered /Users/tomoo/.rbenv/versions/2.5.1/lib/ruby/gems/2.5.0/gems/actionpack-5.0.7.2/lib/action_dispatch/middleware/templates/rescues/_trace.html.erb (1.9ms)
  Rendering /Users/tomoo/.rbenv/versions/2.5.1/lib/ruby/gems/2.5.0/gems/actionpack-5.0.7.2/lib/action_dispatch/middleware/templates/rescues/_request_and_response.html.erb
  Rendered /Users/tomoo/.rbenv/versions/2.5.1/lib/ruby/gems/2.5.0/gems/actionpack-5.0.7.2/lib/action_dispatch/middleware/templates/rescues/_request_and_response.html.erb (0.7ms)
  Rendered /Users/tomoo/.rbenv/versions/2.5.1/lib/ruby/gems/2.5.0/gems/actionpack-5.0.7.2/lib/action_dispatch/middleware/templates/rescues/template_error.html.erb within rescues/layout (134.2ms)
Started GET "/" for ::1 at 2019-07-20 19:21:30 +0900
Processing by MessagesController#index as HTML
  Rendering messages/index.html.haml within layouts/application
  Rendered shared/_side_bar.html.haml (7.7ms)
  Rendered messages/index.html.haml within layouts/application (23.2ms)
Completed 200 OK in 56ms (Views: 51.1ms | ActiveRecord: 0.0ms)


Started GET "/" for ::1 at 2019-07-20 19:27:45 +0900
Processing by MessagesController#index as HTML
  Rendering messages/index.html.haml within layouts/application
  Rendered shared/_side_bar.html.haml (6.2ms)
  Rendered messages/index.html.haml within layouts/application (18.1ms)
Completed 200 OK in 48ms (Views: 43.4ms | ActiveRecord: 0.0ms)


Started GET "/" for ::1 at 2019-07-20 19:30:45 +0900
Processing by MessagesController#index as HTML
  Rendering messages/index.html.haml within layouts/application
  Rendered shared/_side_bar.html.haml (5.8ms)
  Rendered messages/index.html.haml within layouts/application (18.0ms)
Completed 200 OK in 46ms (Views: 42.8ms | ActiveRecord: 0.0ms)


Started GET "/" for ::1 at 2019-07-20 19:33:27 +0900
Processing by MessagesController#index as HTML
  Rendering messages/index.html.haml within layouts/application
  Rendered shared/_side_bar.html.haml (4.9ms)
  Rendered messages/index.html.haml within layouts/application (18.7ms)
Completed 200 OK in 50ms (Views: 46.5ms | ActiveRecord: 0.0ms)


Started GET "/" for ::1 at 2019-07-20 19:33:29 +0900
Processing by MessagesController#index as HTML
  Rendering messages/index.html.haml within layouts/application
  Rendered shared/_side_bar.html.haml (6.7ms)
  Rendered messages/index.html.haml within layouts/application (20.8ms)
Completed 200 OK in 48ms (Views: 45.9ms | ActiveRecord: 0.0ms)


Started GET "/" for ::1 at 2019-07-20 19:33:30 +0900
Processing by MessagesController#index as HTML
  Rendering messages/index.html.haml within layouts/application
  Rendered shared/_side_bar.html.haml (5.6ms)
  Rendered messages/index.html.haml within layouts/application (20.0ms)
Completed 200 OK in 50ms (Views: 47.3ms | ActiveRecord: 0.0ms)


Started GET "/" for ::1 at 2019-07-20 19:33:31 +0900
Processing by MessagesController#index as HTML
  Rendering messages/index.html.haml within layouts/application
  Rendered shared/_side_bar.html.haml (5.4ms)
  Rendered messages/index.html.haml within layouts/application (23.8ms)
Completed 200 OK in 51ms (Views: 47.8ms | ActiveRecord: 0.0ms)


Started GET "/" for ::1 at 2019-07-20 19:33:32 +0900
Processing by MessagesController#index as HTML
  Rendering messages/index.html.haml within layouts/application
  Rendered shared/_side_bar.html.haml (4.6ms)
  Rendered messages/index.html.haml within layouts/application (18.2ms)
Completed 200 OK in 49ms (Views: 44.0ms | ActiveRecord: 0.0ms)


Started GET "/" for ::1 at 2019-07-20 19:50:08 +0900
Processing by MessagesController#index as HTML
  Rendering messages/index.html.haml within layouts/application
  Rendered shared/_side_bar.html.haml (5.6ms)
  Rendered messages/index.html.haml within layouts/application (17.7ms)
Completed 200 OK in 144ms (Views: 141.4ms | ActiveRecord: 0.0ms)


Started GET "/" for ::1 at 2019-07-20 19:50:09 +0900
Processing by MessagesController#index as HTML
  Rendering messages/index.html.haml within layouts/application
  Rendered shared/_side_bar.html.haml (5.6ms)
  Rendered messages/index.html.haml within layouts/application (18.1ms)
Completed 200 OK in 58ms (Views: 53.4ms | ActiveRecord: 0.0ms)


Started GET "/" for ::1 at 2019-07-20 19:50:44 +0900
Processing by MessagesController#index as HTML
  Rendering messages/index.html.haml within layouts/application
  Rendered shared/_side_bar.html.haml (4.6ms)
  Rendered messages/index.html.haml within layouts/application (17.7ms)
Completed 200 OK in 127ms (Views: 122.6ms | ActiveRecord: 0.0ms)


Started GET "/" for ::1 at 2019-07-20 19:51:25 +0900
Processing by MessagesController#index as HTML
  Rendering messages/index.html.haml within layouts/application
  Rendered shared/_side_bar.html.haml (4.8ms)
  Rendered messages/index.html.haml within layouts/application (22.3ms)
Completed 200 OK in 125ms (Views: 122.1ms | ActiveRecord: 0.0ms)


Started GET "/" for ::1 at 2019-07-20 19:51:26 +0900
Processing by MessagesController#index as HTML
  Rendering messages/index.html.haml within layouts/application
  Rendered shared/_side_bar.html.haml (7.1ms)
  Rendered messages/index.html.haml within layouts/application (17.4ms)
Completed 200 OK in 49ms (Views: 43.4ms | ActiveRecord: 0.0ms)


Started GET "/" for ::1 at 2019-07-20 19:54:09 +0900
Processing by MessagesController#index as HTML
  Rendering messages/index.html.haml within layouts/application
  Rendered shared/_side_bar.html.haml (5.3ms)
  Rendered messages/index.html.haml within layouts/application (23.0ms)
Completed 200 OK in 51ms (Views: 47.4ms | ActiveRecord: 0.0ms)


Started GET "/" for ::1 at 2019-07-20 20:21:31 +0900
Processing by MessagesController#index as HTML
  Rendering messages/index.html.haml within layouts/application
  Rendered shared/_side_bar.html.haml (5.0ms)
  Rendered messages/index.html.haml within layouts/application (18.1ms)
Completed 200 OK in 78ms (Views: 73.4ms | ActiveRecord: 0.0ms)


Started GET "/" for ::1 at 2019-07-20 20:21:32 +0900
Processing by MessagesController#index as HTML
  Rendering messages/index.html.haml within layouts/application
  Rendered shared/_side_bar.html.haml (6.1ms)
  Rendered messages/index.html.haml within layouts/application (17.9ms)
Completed 200 OK in 47ms (Views: 41.4ms | ActiveRecord: 0.0ms)


Started GET "/" for ::1 at 2019-07-20 20:21:33 +0900
Processing by MessagesController#index as HTML
  Rendering messages/index.html.haml within layouts/application
  Rendered shared/_side_bar.html.haml (6.5ms)
  Rendered messages/index.html.haml within layouts/application (18.9ms)
Completed 200 OK in 44ms (Views: 41.9ms | ActiveRecord: 0.0ms)


Started GET "/" for ::1 at 2019-07-20 20:26:11 +0900
Processing by MessagesController#index as HTML
  Rendering messages/index.html.haml within layouts/application
  Rendered shared/_side_bar.html.haml (5.0ms)
  Rendered messages/index.html.haml within layouts/application (19.8ms)
Completed 200 OK in 66ms (Views: 61.7ms | ActiveRecord: 0.0ms)


Started GET "/" for ::1 at 2019-07-20 20:26:15 +0900
Processing by MessagesController#index as HTML
  Rendering messages/index.html.haml within layouts/application
  Rendered shared/_side_bar.html.haml (18.0ms)
  Rendered messages/index.html.haml within layouts/application (31.5ms)
Completed 200 OK in 60ms (Views: 57.1ms | ActiveRecord: 0.0ms)


Started GET "/" for ::1 at 2019-07-20 20:27:47 +0900
Processing by MessagesController#index as HTML
  Rendering messages/index.html.haml within layouts/application
  Rendered shared/_side_bar.html.haml (8.5ms)
  Rendered messages/index.html.haml within layouts/application (24.9ms)
Completed 200 OK in 84ms (Views: 80.7ms | ActiveRecord: 0.0ms)


Started GET "/" for ::1 at 2019-07-20 20:28:51 +0900
Processing by MessagesController#index as HTML
  Rendering messages/index.html.haml within layouts/application
  Rendered shared/_side_bar.html.haml (8.4ms)
  Rendered messages/index.html.haml within layouts/application (26.0ms)
Completed 200 OK in 89ms (Views: 85.9ms | ActiveRecord: 0.0ms)


Started GET "/" for ::1 at 2019-07-20 20:28:53 +0900
Processing by MessagesController#index as HTML
  Rendering messages/index.html.haml within layouts/application
  Rendered shared/_side_bar.html.haml (8.2ms)
  Rendered messages/index.html.haml within layouts/application (20.6ms)
Completed 200 OK in 52ms (Views: 48.3ms | ActiveRecord: 0.0ms)


Started GET "/" for ::1 at 2019-07-20 20:28:53 +0900
Processing by MessagesController#index as HTML
  Rendering messages/index.html.haml within layouts/application
  Rendered shared/_side_bar.html.haml (5.2ms)
  Rendered messages/index.html.haml within layouts/application (17.2ms)
Completed 200 OK in 54ms (Views: 47.2ms | ActiveRecord: 0.0ms)


Started GET "/" for ::1 at 2019-07-20 20:29:07 +0900
Processing by MessagesController#index as HTML
  Rendering messages/index.html.haml within layouts/application
  Rendered shared/_side_bar.html.haml (9.0ms)
  Rendered messages/index.html.haml within layouts/application (21.2ms)
Completed 200 OK in 62ms (Views: 57.2ms | ActiveRecord: 0.0ms)


Started GET "/" for ::1 at 2019-07-20 20:29:16 +0900
Processing by MessagesController#index as HTML
  Rendering messages/index.html.haml within layouts/application
  Rendered shared/_side_bar.html.haml (7.8ms)
  Rendered messages/index.html.haml within layouts/application (23.8ms)
Completed 200 OK in 61ms (Views: 56.5ms | ActiveRecord: 0.0ms)


Started GET "/" for ::1 at 2019-07-20 20:29:18 +0900
Processing by MessagesController#index as HTML
  Rendering messages/index.html.haml within layouts/application
  Rendered shared/_side_bar.html.haml (6.8ms)
  Rendered messages/index.html.haml within layouts/application (19.4ms)
Completed 200 OK in 52ms (Views: 47.6ms | ActiveRecord: 0.0ms)


Started GET "/" for ::1 at 2019-07-20 20:56:16 +0900
Processing by MessagesController#index as HTML
  Rendering messages/index.html.haml within layouts/application
  Rendered shared/_side_bar.html.haml (155.1ms)
  Rendered messages/index.html.haml within layouts/application (195.8ms)
Completed 200 OK in 379ms (Views: 372.6ms | ActiveRecord: 0.0ms)


Started GET "/" for ::1 at 2019-07-20 21:02:27 +0900
Processing by MessagesController#index as HTML
  Rendering messages/index.html.haml within layouts/application
  Rendered shared/_side_bar.html.haml (58.4ms)
  Rendered messages/index.html.haml within layouts/application (127.8ms)
Completed 200 OK in 1677ms (Views: 1664.2ms | ActiveRecord: 0.0ms)


Started GET "/" for ::1 at 2019-07-20 21:04:30 +0900
Processing by MessagesController#index as HTML
  Rendering messages/index.html.haml within layouts/application
  Rendered shared/_side_bar.html.haml (24.4ms)
  Rendered messages/index.html.haml within layouts/application (106.8ms)
Completed 200 OK in 322ms (Views: 314.5ms | ActiveRecord: 0.0ms)


Started GET "/" for ::1 at 2019-07-20 21:07:09 +0900
Processing by MessagesController#index as HTML
  Rendering messages/index.html.haml within layouts/application
  Rendered shared/_side_bar.html.haml (10.7ms)
  Rendered messages/index.html.haml within layouts/application (71.7ms)
Completed 200 OK in 225ms (Views: 218.1ms | ActiveRecord: 0.0ms)


Started GET "/" for ::1 at 2019-07-20 21:09:57 +0900
Processing by MessagesController#index as HTML
  Rendering messages/index.html.haml within layouts/application
  Rendered shared/_side_bar.html.haml (6.9ms)
  Rendered messages/index.html.haml within layouts/application (19.6ms)
Completed 500 Internal Server Error in 112ms (ActiveRecord: 0.0ms)


  
ActionView::Template::Error (Undefined variable: "$gray".):
    3:   %head
    4:     %meta{:content => "text/html; charset=UTF-8", "http-equiv" => "Content-Type"}/
    5:     %title ChatSpace
    6:     = stylesheet_link_tag    'application', media: 'all', 'data-turbolinks-track' => true
    7:     = javascript_include_tag 'application', 'data-turbolinks-track' => true
    8:     = csrf_meta_tags
    9:   %body
  
app/assets/stylesheets/modules/font-awesome.scss:7
app/assets/stylesheets/application.scss:9
app/views/layouts/application.html.haml:6:in `_app_views_layouts_application_html_haml___3144810002703618243_70318989172240'
  Rendering /Users/tomoo/.rbenv/versions/2.5.1/lib/ruby/gems/2.5.0/gems/actionpack-5.0.7.2/lib/action_dispatch/middleware/templates/rescues/template_error.html.erb within rescues/layout
  Rendering /Users/tomoo/.rbenv/versions/2.5.1/lib/ruby/gems/2.5.0/gems/actionpack-5.0.7.2/lib/action_dispatch/middleware/templates/rescues/_source.html.erb
  Rendered /Users/tomoo/.rbenv/versions/2.5.1/lib/ruby/gems/2.5.0/gems/actionpack-5.0.7.2/lib/action_dispatch/middleware/templates/rescues/_source.html.erb (6.4ms)
  Rendering /Users/tomoo/.rbenv/versions/2.5.1/lib/ruby/gems/2.5.0/gems/actionpack-5.0.7.2/lib/action_dispatch/middleware/templates/rescues/_trace.html.erb
  Rendered /Users/tomoo/.rbenv/versions/2.5.1/lib/ruby/gems/2.5.0/gems/actionpack-5.0.7.2/lib/action_dispatch/middleware/templates/rescues/_trace.html.erb (3.2ms)
  Rendering /Users/tomoo/.rbenv/versions/2.5.1/lib/ruby/gems/2.5.0/gems/actionpack-5.0.7.2/lib/action_dispatch/middleware/templates/rescues/_request_and_response.html.erb
  Rendered /Users/tomoo/.rbenv/versions/2.5.1/lib/ruby/gems/2.5.0/gems/actionpack-5.0.7.2/lib/action_dispatch/middleware/templates/rescues/_request_and_response.html.erb (1.8ms)
  Rendered /Users/tomoo/.rbenv/versions/2.5.1/lib/ruby/gems/2.5.0/gems/actionpack-5.0.7.2/lib/action_dispatch/middleware/templates/rescues/template_error.html.erb within rescues/layout (149.2ms)
Started GET "/" for ::1 at 2019-07-20 21:10:11 +0900
Processing by MessagesController#index as HTML
  Rendering messages/index.html.haml within layouts/application
  Rendered shared/_side_bar.html.haml (6.1ms)
  Rendered messages/index.html.haml within layouts/application (18.4ms)
Completed 500 Internal Server Error in 76ms (ActiveRecord: 0.0ms)


  
ActionView::Template::Error (Undefined variable: "$glay".):
    3:   %head
    4:     %meta{:content => "text/html; charset=UTF-8", "http-equiv" => "Content-Type"}/
    5:     %title ChatSpace
    6:     = stylesheet_link_tag    'application', media: 'all', 'data-turbolinks-track' => true
    7:     = javascript_include_tag 'application', 'data-turbolinks-track' => true
    8:     = csrf_meta_tags
    9:   %body
  
app/assets/stylesheets/modules/font-awesome.scss:7
app/assets/stylesheets/application.scss:9
app/views/layouts/application.html.haml:6:in `_app_views_layouts_application_html_haml___3144810002703618243_70319017804660'
  Rendering /Users/tomoo/.rbenv/versions/2.5.1/lib/ruby/gems/2.5.0/gems/actionpack-5.0.7.2/lib/action_dispatch/middleware/templates/rescues/template_error.html.erb within rescues/layout
  Rendering /Users/tomoo/.rbenv/versions/2.5.1/lib/ruby/gems/2.5.0/gems/actionpack-5.0.7.2/lib/action_dispatch/middleware/templates/rescues/_source.html.erb
  Rendered /Users/tomoo/.rbenv/versions/2.5.1/lib/ruby/gems/2.5.0/gems/actionpack-5.0.7.2/lib/action_dispatch/middleware/templates/rescues/_source.html.erb (5.5ms)
  Rendering /Users/tomoo/.rbenv/versions/2.5.1/lib/ruby/gems/2.5.0/gems/actionpack-5.0.7.2/lib/action_dispatch/middleware/templates/rescues/_trace.html.erb
  Rendered /Users/tomoo/.rbenv/versions/2.5.1/lib/ruby/gems/2.5.0/gems/actionpack-5.0.7.2/lib/action_dispatch/middleware/templates/rescues/_trace.html.erb (2.2ms)
  Rendering /Users/tomoo/.rbenv/versions/2.5.1/lib/ruby/gems/2.5.0/gems/actionpack-5.0.7.2/lib/action_dispatch/middleware/templates/rescues/_request_and_response.html.erb
  Rendered /Users/tomoo/.rbenv/versions/2.5.1/lib/ruby/gems/2.5.0/gems/actionpack-5.0.7.2/lib/action_dispatch/middleware/templates/rescues/_request_and_response.html.erb (0.7ms)
  Rendered /Users/tomoo/.rbenv/versions/2.5.1/lib/ruby/gems/2.5.0/gems/actionpack-5.0.7.2/lib/action_dispatch/middleware/templates/rescues/template_error.html.erb within rescues/layout (141.0ms)
Started GET "/" for ::1 at 2019-07-20 21:10:32 +0900
Processing by MessagesController#index as HTML
  Rendering messages/index.html.haml within layouts/application
  Rendered shared/_side_bar.html.haml (5.0ms)
  Rendered messages/index.html.haml within layouts/application (16.8ms)
Completed 500 Internal Server Error in 68ms (ActiveRecord: 0.0ms)


  
ActionView::Template::Error (Undefined variable: "$black".):
    3:   %head
    4:     %meta{:content => "text/html; charset=UTF-8", "http-equiv" => "Content-Type"}/
    5:     %title ChatSpace
    6:     = stylesheet_link_tag    'application', media: 'all', 'data-turbolinks-track' => true
    7:     = javascript_include_tag 'application', 'data-turbolinks-track' => true
    8:     = csrf_meta_tags
    9:   %body
  
app/assets/stylesheets/modules/font-awesome.scss:7
app/assets/stylesheets/application.scss:9
app/views/layouts/application.html.haml:6:in `_app_views_layouts_application_html_haml___3144810002703618243_70319019713020'
  Rendering /Users/tomoo/.rbenv/versions/2.5.1/lib/ruby/gems/2.5.0/gems/actionpack-5.0.7.2/lib/action_dispatch/middleware/templates/rescues/template_error.html.erb within rescues/layout
  Rendering /Users/tomoo/.rbenv/versions/2.5.1/lib/ruby/gems/2.5.0/gems/actionpack-5.0.7.2/lib/action_dispatch/middleware/templates/rescues/_source.html.erb
  Rendered /Users/tomoo/.rbenv/versions/2.5.1/lib/ruby/gems/2.5.0/gems/actionpack-5.0.7.2/lib/action_dispatch/middleware/templates/rescues/_source.html.erb (5.7ms)
  Rendering /Users/tomoo/.rbenv/versions/2.5.1/lib/ruby/gems/2.5.0/gems/actionpack-5.0.7.2/lib/action_dispatch/middleware/templates/rescues/_trace.html.erb
  Rendered /Users/tomoo/.rbenv/versions/2.5.1/lib/ruby/gems/2.5.0/gems/actionpack-5.0.7.2/lib/action_dispatch/middleware/templates/rescues/_trace.html.erb (2.2ms)
  Rendering /Users/tomoo/.rbenv/versions/2.5.1/lib/ruby/gems/2.5.0/gems/actionpack-5.0.7.2/lib/action_dispatch/middleware/templates/rescues/_request_and_response.html.erb
  Rendered /Users/tomoo/.rbenv/versions/2.5.1/lib/ruby/gems/2.5.0/gems/actionpack-5.0.7.2/lib/action_dispatch/middleware/templates/rescues/_request_and_response.html.erb (0.7ms)
  Rendered /Users/tomoo/.rbenv/versions/2.5.1/lib/ruby/gems/2.5.0/gems/actionpack-5.0.7.2/lib/action_dispatch/middleware/templates/rescues/template_error.html.erb within rescues/layout (140.5ms)
Started GET "/" for ::1 at 2019-07-20 21:11:00 +0900
Processing by MessagesController#index as HTML
  Rendering messages/index.html.haml within layouts/application
  Rendered shared/_side_bar.html.haml (5.1ms)
  Rendered messages/index.html.haml within layouts/application (18.4ms)
Completed 500 Internal Server Error in 73ms (ActiveRecord: 0.0ms)


  
ActionView::Template::Error (Undefined variable: "$blue".):
    3:   %head
    4:     %meta{:content => "text/html; charset=UTF-8", "http-equiv" => "Content-Type"}/
    5:     %title ChatSpace
    6:     = stylesheet_link_tag    'application', media: 'all', 'data-turbolinks-track' => true
    7:     = javascript_include_tag 'application', 'data-turbolinks-track' => true
    8:     = csrf_meta_tags
    9:   %body
  
app/assets/stylesheets/modules/font-awesome.scss:7
app/assets/stylesheets/application.scss:9
app/views/layouts/application.html.haml:6:in `_app_views_layouts_application_html_haml___3144810002703618243_70318988905900'
  Rendering /Users/tomoo/.rbenv/versions/2.5.1/lib/ruby/gems/2.5.0/gems/actionpack-5.0.7.2/lib/action_dispatch/middleware/templates/rescues/template_error.html.erb within rescues/layout
  Rendering /Users/tomoo/.rbenv/versions/2.5.1/lib/ruby/gems/2.5.0/gems/actionpack-5.0.7.2/lib/action_dispatch/middleware/templates/rescues/_source.html.erb
  Rendered /Users/tomoo/.rbenv/versions/2.5.1/lib/ruby/gems/2.5.0/gems/actionpack-5.0.7.2/lib/action_dispatch/middleware/templates/rescues/_source.html.erb (5.7ms)
  Rendering /Users/tomoo/.rbenv/versions/2.5.1/lib/ruby/gems/2.5.0/gems/actionpack-5.0.7.2/lib/action_dispatch/middleware/templates/rescues/_trace.html.erb
  Rendered /Users/tomoo/.rbenv/versions/2.5.1/lib/ruby/gems/2.5.0/gems/actionpack-5.0.7.2/lib/action_dispatch/middleware/templates/rescues/_trace.html.erb (4.0ms)
  Rendering /Users/tomoo/.rbenv/versions/2.5.1/lib/ruby/gems/2.5.0/gems/actionpack-5.0.7.2/lib/action_dispatch/middleware/templates/rescues/_request_and_response.html.erb
  Rendered /Users/tomoo/.rbenv/versions/2.5.1/lib/ruby/gems/2.5.0/gems/actionpack-5.0.7.2/lib/action_dispatch/middleware/templates/rescues/_request_and_response.html.erb (0.9ms)
  Rendered /Users/tomoo/.rbenv/versions/2.5.1/lib/ruby/gems/2.5.0/gems/actionpack-5.0.7.2/lib/action_dispatch/middleware/templates/rescues/template_error.html.erb within rescues/layout (143.0ms)
Started GET "/" for ::1 at 2019-07-20 21:13:14 +0900
Processing by MessagesController#index as HTML
  Rendering messages/index.html.haml within layouts/application
  Rendered shared/_side_bar.html.haml (4.9ms)
  Rendered messages/index.html.haml within layouts/application (24.9ms)
Completed 500 Internal Server Error in 77ms (ActiveRecord: 0.0ms)


  
ActionView::Template::Error (Undefined variable: "$gray".):
    3:   %head
    4:     %meta{:content => "text/html; charset=UTF-8", "http-equiv" => "Content-Type"}/
    5:     %title ChatSpace
    6:     = stylesheet_link_tag    'application', media: 'all', 'data-turbolinks-track' => true
    7:     = javascript_include_tag 'application', 'data-turbolinks-track' => true
    8:     = csrf_meta_tags
    9:   %body
  
app/assets/stylesheets/modules/font-awesome.scss:7
app/assets/stylesheets/application.scss:9
app/views/layouts/application.html.haml:6:in `_app_views_layouts_application_html_haml___3144810002703618243_70319009463160'
  Rendering /Users/tomoo/.rbenv/versions/2.5.1/lib/ruby/gems/2.5.0/gems/actionpack-5.0.7.2/lib/action_dispatch/middleware/templates/rescues/template_error.html.erb within rescues/layout
  Rendering /Users/tomoo/.rbenv/versions/2.5.1/lib/ruby/gems/2.5.0/gems/actionpack-5.0.7.2/lib/action_dispatch/middleware/templates/rescues/_source.html.erb
  Rendered /Users/tomoo/.rbenv/versions/2.5.1/lib/ruby/gems/2.5.0/gems/actionpack-5.0.7.2/lib/action_dispatch/middleware/templates/rescues/_source.html.erb (6.3ms)
  Rendering /Users/tomoo/.rbenv/versions/2.5.1/lib/ruby/gems/2.5.0/gems/actionpack-5.0.7.2/lib/action_dispatch/middleware/templates/rescues/_trace.html.erb
  Rendered /Users/tomoo/.rbenv/versions/2.5.1/lib/ruby/gems/2.5.0/gems/actionpack-5.0.7.2/lib/action_dispatch/middleware/templates/rescues/_trace.html.erb (3.1ms)
  Rendering /Users/tomoo/.rbenv/versions/2.5.1/lib/ruby/gems/2.5.0/gems/actionpack-5.0.7.2/lib/action_dispatch/middleware/templates/rescues/_request_and_response.html.erb
  Rendered /Users/tomoo/.rbenv/versions/2.5.1/lib/ruby/gems/2.5.0/gems/actionpack-5.0.7.2/lib/action_dispatch/middleware/templates/rescues/_request_and_response.html.erb (0.7ms)
  Rendered /Users/tomoo/.rbenv/versions/2.5.1/lib/ruby/gems/2.5.0/gems/actionpack-5.0.7.2/lib/action_dispatch/middleware/templates/rescues/template_error.html.erb within rescues/layout (140.0ms)
Started GET "/" for ::1 at 2019-07-20 21:14:31 +0900
Processing by MessagesController#index as HTML
  Rendering messages/index.html.haml within layouts/application
  Rendered shared/_side_bar.html.haml (5.3ms)
  Rendered messages/index.html.haml within layouts/application (20.4ms)
Completed 200 OK in 86ms (Views: 80.5ms | ActiveRecord: 0.0ms)


Started GET "/" for ::1 at 2019-07-20 21:14:51 +0900
Processing by MessagesController#index as HTML
  Rendering messages/index.html.haml within layouts/application
  Rendered shared/_side_bar.html.haml (5.3ms)
  Rendered messages/index.html.haml within layouts/application (29.1ms)
Completed 200 OK in 61ms (Views: 56.5ms | ActiveRecord: 0.0ms)


Started GET "/" for ::1 at 2019-07-20 21:14:53 +0900
Processing by MessagesController#index as HTML
  Rendering messages/index.html.haml within layouts/application
  Rendered shared/_side_bar.html.haml (4.9ms)
  Rendered messages/index.html.haml within layouts/application (19.8ms)
Completed 200 OK in 53ms (Views: 47.4ms | ActiveRecord: 0.0ms)


Started GET "/" for ::1 at 2019-07-22 16:51:41 +0900
Processing by MessagesController#index as HTML
  Rendering messages/index.html.haml within layouts/application
  Rendered shared/_side_bar.html.haml (5.8ms)
  Rendered messages/index.html.haml within layouts/application (27.8ms)
Completed 200 OK in 1065ms (Views: 1040.0ms | ActiveRecord: 0.0ms)


